[debug] [2018-03-19T16:20:14.691Z] ----------------------------------------------------------------------
[debug] [2018-03-19T16:20:14.699Z] Command:       C:\Program Files\nodejs\node.exe C:\Users\User\AppData\Roaming\npm\node_modules\firebase-tools\bin\firebase init
[debug] [2018-03-19T16:20:14.700Z] CLI Version:   3.17.4
[debug] [2018-03-19T16:20:14.700Z] Platform:      win32
[debug] [2018-03-19T16:20:14.701Z] Node Version:  v6.11.2
[debug] [2018-03-19T16:20:14.702Z] Time:          Mon Mar 19 2018 21:50:14 GMT+0530 (India Standard Time)
[debug] [2018-03-19T16:20:14.702Z] ----------------------------------------------------------------------
[debug] 
[debug] [2018-03-19T16:20:14.855Z] > command requires scopes: ["email","openid","https://www.googleapis.com/auth/cloudplatformprojects.readonly","https://www.googleapis.com/auth/firebase"]
[debug] [2018-03-19T16:20:14.858Z] > authorizing via signed-in user
[info] 
     ######## #### ########  ######## ########     ###     ######  ########
     ##        ##  ##     ## ##       ##     ##  ##   ##  ##       ##
     ######    ##  ########  ######   ########  #########  ######  ######
     ##        ##  ##    ##  ##       ##     ## ##     ##       ## ##
     ##       #### ##     ## ######## ########  ##     ##  ######  ########

You're about to initialize a Firebase project in this directory:

  C:\Users\User\webenner

[info] 
=== Project Setup
[info] 
[info] First, let's associate this project directory with a Firebase project.
[info] You can create multiple project aliases by running firebase use --add, 
[info] but for now we'll just set up a default project.
[info] 
[debug] [2018-03-19T16:20:21.867Z] > refreshing access token with scopes: ["email","https://www.googleapis.com/auth/cloudplatformprojects.readonly","https://www.googleapis.com/auth/firebase","openid"]
[debug] [2018-03-19T16:20:21.868Z] >>> HTTP REQUEST POST https://www.googleapis.com/oauth2/v3/token  
 { refresh_token: '1/qJz_OBxgaXOGLZXuTZXUxZYyy7rJDZ6BOLBf4c2lBrN9H6LYT2mT6R38rDK-uktJ',
  client_id: '563584335869-fgrhgmd47bqnekij5i8b5pr03ho849e6.apps.googleusercontent.com',
  client_secret: 'j9iVZfS8kkCEFUPaAeJV0sAi',
  grant_type: 'refresh_token',
  scope: 'email https://www.googleapis.com/auth/cloudplatformprojects.readonly https://www.googleapis.com/auth/firebase openid' } 
 Mon Mar 19 2018 21:50:21 GMT+0530 (India Standard Time)
[debug] [2018-03-19T16:20:22.310Z] <<< HTTP RESPONSE 200
[debug] [2018-03-19T16:20:22.348Z] >>> HTTP REQUEST GET https://admin.firebase.com/v1/projects  
  
 Mon Mar 19 2018 21:50:22 GMT+0530 (India Standard Time)
[debug] [2018-03-19T16:20:24.121Z] <<< HTTP RESPONSE 200
[info] 
=== Hosting Setup
[info] 
[info] Your public directory is the folder (relative to your project directory) that
[info] will contain Hosting assets to be uploaded with firebase deploy. If you
[info] have a build process for your assets, use your build's output directory.
[info] 
[debug] [2018-03-19T16:22:46.170Z] >>> HTTP REQUEST GET https://www.gstatic.com/firebasejs/releases.json  
  
 Mon Mar 19 2018 21:52:46 GMT+0530 (India Standard Time)
[debug] [2018-03-19T16:22:46.499Z] <<< HTTP RESPONSE 200
[info] +  Wrote public/index.html
[info] 
[info] i  Writing configuration info to firebase.json...
[info] i  Writing project information to .firebaserc...
[info] 
[info] +  Firebase initialization complete!
[info] 
[info] Project creation is only available from the Firebase Console
[info] Please visit https://console.firebase.google.com to create a new project, then run firebase use --add
